Arguments: 
  /Users/mike/.nvm/versions/node/v16.3.0/bin/node /Users/mike/.nvm/versions/node/v16.3.0/bin/yarn add tailwincss@latest

PATH: 
  /Users/mike/.nvm/versions/node/v16.3.0/bin:/opt/homebrew/bin:/opt/homebrew/sbin:/usr/local/bin:/usr/bin:/bin:/usr/sbin:/sbin:/Library/Apple/usr/bin:/Users/mike/.nvm/versions/node/v16.3.0/bin:/opt/homebrew/bin:/opt/homebrew/sbin

Yarn version: 
  1.22.10

Node version: 
  16.3.0

Platform: 
  darwin arm64

Trace: 
  Error: https://registry.yarnpkg.com/tailwincss: Not found
      at Request.params.callback [as _callback] (/Users/mike/.nvm/versions/node/v16.3.0/lib/node_modules/yarn/lib/cli.js:66988:18)
      at Request.self.callback (/Users/mike/.nvm/versions/node/v16.3.0/lib/node_modules/yarn/lib/cli.js:140662:22)
      at Request.emit (node:events:394:28)
      at Request.<anonymous> (/Users/mike/.nvm/versions/node/v16.3.0/lib/node_modules/yarn/lib/cli.js:141634:10)
      at Request.emit (node:events:394:28)
      at IncomingMessage.<anonymous> (/Users/mike/.nvm/versions/node/v16.3.0/lib/node_modules/yarn/lib/cli.js:141556:12)
      at Object.onceWrapper (node:events:513:28)
      at IncomingMessage.emit (node:events:406:35)
      at endReadableNT (node:internal/streams/readable:1329:12)
      at processTicksAndRejections (node:internal/process/task_queues:83:21)

npm manifest: 
  {
    "name": "wicked-html-starter",
    "version": "1.0.0",
    "description": "",
    "main": "gulpfile.js",
    "scripts": {
      "start": "gulp",
      "dev": "gulp dev",
      "build": "NODE_ENV=prod gulp build",
      "build:prod": "NODE_ENV=prod gulp build-prod",
      "clean": "gulp clean"
    },
    "keywords": [],
    "author": "",
    "license": "ISC",
    "devDependencies": {
      "autoprefixer": "^10.2.5",
      "browser-sync": "^2.26.14",
      "cssnano": "^4.1.10",
      "del": "^6.0.0",
      "gulp": "^4.0.2",
      "gulp-beautify": "^3.0.0",
      "gulp-hb": "^8.0.0",
      "gulp-if": "^3.0.0",
      "gulp-imagemin": "^7.1.0",
      "gulp-postcss": "^9.0.0",
      "gulp-posthtml": "^3.0.5",
      "handlebars-layouts": "^3.1.4",
      "postcss": "^8.2.9",
      "postcss-cli": "^8.3.1",
      "postcss-import": "^14.0.1",
      "postcss-mixins": "^7.0.3",
      "postcss-preset-env": "^6.7.0",
      "posthtml-inline-assets": "^3.1.0",
      "posthtml-minify-classnames": "^0.2.3",
      "tailwindcss": "^2.1.1",
      "tailwindcss-textshadow": "^2.1.3"
    }
  }

yarn manifest: 
  No manifest

Lockfile: 
  No lockfile
